2022-01-18 19:30:44,362 - INFO       - client   - Установленно подключение 
2022-01-18 19:30:45,722 - Функция message_from_server вызвана из функции run 
2022-01-18 19:30:45,722 - Функция message_from_server вызвана из функции run 
2022-01-18 19:30:45,722 - Функция massage_post вызвана из функции run 
2022-01-18 19:30:45,722 - Функция massage_post вызвана из функции run 
2022-01-18 19:30:47,430 - Функция create_message вызвана из функции massage_post 
2022-01-18 19:30:47,430 - Функция create_message вызвана из функции massage_post 
2022-01-18 19:30:47,430 - Функция create_message вызвана из функции massage_post 
2022-01-18 19:30:51,841 - Функция create_exit_message вызвана из функции massage_post 
2022-01-18 19:30:51,841 - Функция create_exit_message вызвана из функции massage_post 
2022-01-18 19:30:51,841 - Функция create_exit_message вызвана из функции massage_post 
2022-01-18 19:30:51,841 - Функция create_exit_message вызвана из функции massage_post 
2022-01-26 16:38:21,745 - INFO       - client   - Установленно подключение 
2022-01-26 16:38:23,668 - Функция message_from_server вызвана из функции run 
2022-01-26 16:38:23,668 - Функция message_from_server вызвана из функции run 
2022-01-26 16:38:23,668 - Функция massage_post вызвана из функции run 
2022-01-26 16:38:23,668 - Функция massage_post вызвана из функции run 
2022-01-26 16:38:25,814 - Функция create_exit_message вызвана из функции massage_post 
2022-01-26 16:38:25,814 - Функция create_exit_message вызвана из функции massage_post 
2022-01-26 16:38:25,814 - Функция create_exit_message вызвана из функции massage_post 
2022-01-26 16:44:37,121 - INFO       - client   - Установленно подключение 
2022-01-26 16:44:38,762 - Функция massage_post вызвана из функции run 
2022-01-26 16:44:41,951 - Функция create_message вызвана из функции massage_post 
2022-01-26 16:44:41,951 - Функция create_message вызвана из функции massage_post 
2022-01-26 16:44:53,852 - INFO       - client   - Установленно подключение 
2022-01-26 16:45:23,452 - ERROR      - client   - 400: Bad Request 
2022-01-26 16:45:31,820 - Функция create_exit_message вызвана из функции massage_post 
2022-01-26 16:45:31,820 - Функция create_exit_message вызвана из функции massage_post 
2022-01-26 16:45:31,820 - Функция create_exit_message вызвана из функции massage_post 
2022-01-26 16:45:33,559 - INFO       - client   - Установленно подключение 
2022-01-26 16:46:10,206 - INFO       - client   - Установленно подключение 
2022-01-26 16:47:02,554 - INFO       - client   - Установленно подключение 
2022-01-26 16:47:04,132 - Функция massage_post вызвана из функции run 
2022-01-26 16:47:10,196 - INFO       - client   - Установленно подключение 
2022-01-26 16:47:11,868 - Функция message_from_server вызвана из функции run 
2022-01-26 16:47:17,306 - Функция create_message вызвана из функции massage_post 
2022-01-26 16:47:17,306 - Функция create_message вызвана из функции massage_post 
2022-01-26 16:47:43,951 - Функция create_exit_message вызвана из функции massage_post 
2022-01-26 16:47:43,951 - Функция create_exit_message вызвана из функции massage_post 
2022-01-26 16:47:43,951 - Функция create_exit_message вызвана из функции massage_post 
2022-01-26 16:59:00,778 - INFO       - client   - Установленно подключение 
2022-01-26 16:59:00,816 - Функция massage_post вызвана из функции run 
2022-01-26 17:00:20,789 - ERROR      - client   - 400: Bad Request 
2022-01-26 17:00:35,644 - INFO       - client   - Установленно подключение 
2022-01-26 17:00:35,675 - Функция massage_post вызвана из функции run 
2022-01-26 17:00:45,644 - Функция create_exit_message вызвана из функции massage_post 
2022-01-26 17:00:45,644 - Функция create_exit_message вызвана из функции massage_post 
2022-01-26 17:01:01,864 - ERROR      - client   - 400: Bad Request 
2022-01-26 17:01:08,377 - ERROR      - client   - 400: Bad Request 
2022-01-26 17:01:08,377 - ERROR      - client   - 400: Bad Request 
2022-01-26 17:01:15,120 - INFO       - client   - Установленно подключение 
2022-01-26 17:01:15,135 - INFO       - client   - Установленно подключение 
2022-01-26 17:01:15,167 - Функция massage_post вызвана из функции run 
2022-01-26 17:01:15,167 - Функция massage_post вызвана из функции run 
2022-01-26 17:01:21,970 - Функция create_message вызвана из функции massage_post 
2022-01-26 17:01:21,970 - Функция create_message вызвана из функции massage_post 
2022-01-26 17:05:55,098 - INFO       - client   - Установленно подключение 
2022-01-26 17:05:55,098 - INFO       - client   - Установленно подключение 
2022-01-26 17:05:55,141 - Функция message_from_server вызвана из функции run 
2022-01-26 17:05:55,143 - Функция massage_post вызвана из функции run 
2022-01-26 17:06:00,668 - Функция create_message вызвана из функции massage_post 
2022-01-26 17:06:00,668 - Функция create_message вызвана из функции massage_post 
2022-01-26 17:09:55,613 - INFO       - client   - Установленно подключение 
2022-01-26 17:09:55,613 - INFO       - client   - Установленно подключение 
2022-01-26 17:09:55,660 - Функция message_from_server вызвана из функции run 
2022-01-26 17:09:55,660 - Функция massage_post вызвана из функции run 
2022-01-26 17:10:00,978 - Функция create_message вызвана из функции massage_post 
2022-01-26 17:10:00,978 - Функция create_message вызвана из функции massage_post 
2022-01-26 17:12:05,184 - INFO       - client   - Установленно подключение 
2022-01-26 17:12:05,184 - INFO       - client   - Установленно подключение 
2022-01-26 17:12:05,231 - Функция message_from_server вызвана из функции run 
2022-01-26 17:12:05,231 - Функция massage_post вызвана из функции run 
2022-01-26 17:12:10,336 - INFO       - client   - Установленно подключение 
2022-01-26 17:12:10,351 - INFO       - client   - Установленно подключение 
2022-01-26 17:12:10,367 - Функция massage_post вызвана из функции run 
2022-01-26 17:12:10,383 - Функция message_from_server вызвана из функции run 
2022-01-26 17:12:15,081 - INFO       - client   - Установленно подключение 
2022-01-26 17:12:15,081 - INFO       - client   - Установленно подключение 
2022-01-26 17:12:15,112 - Функция message_from_server вызвана из функции run 
2022-01-26 17:12:15,128 - Функция massage_post вызвана из функции run 
2022-01-26 17:12:51,935 - Функция create_message вызвана из функции massage_post 
2022-01-26 17:12:51,935 - Функция create_message вызвана из функции massage_post 
2022-01-26 17:12:58,386 - Функция create_message вызвана из функции massage_post 
2022-01-26 17:12:58,386 - Функция create_message вызвана из функции massage_post 
2022-01-26 17:13:03,481 - Функция create_message вызвана из функции massage_post 
2022-01-26 17:13:03,481 - Функция create_message вызвана из функции massage_post 
2022-01-26 17:13:10,735 - Функция create_exit_message вызвана из функции massage_post 
2022-01-26 17:13:10,735 - Функция create_exit_message вызвана из функции massage_post 
2022-01-26 17:13:10,735 - Функция create_exit_message вызвана из функции massage_post 
2022-01-26 17:13:16,294 - Функция create_exit_message вызвана из функции massage_post 
2022-01-26 17:13:16,294 - Функция create_exit_message вызвана из функции massage_post 
2022-01-26 17:13:16,294 - Функция create_exit_message вызвана из функции massage_post 
2022-01-26 17:13:18,334 - Функция create_exit_message вызвана из функции massage_post 
2022-01-26 17:13:18,334 - Функция create_exit_message вызвана из функции massage_post 
2022-01-26 17:13:18,334 - Функция create_exit_message вызвана из функции massage_post 
2022-01-28 16:56:40,922 - INFO       - client   - Установленно подключение 
2022-01-28 16:56:40,969 - Функция massage_post вызвана из функции run 
2022-01-28 16:56:40,969 - Функция message_from_server вызвана из функции run 
2022-01-28 16:56:43,755 - INFO       - client   - Установленно подключение 
2022-01-28 16:56:43,755 - INFO       - client   - Установленно подключение 
2022-01-28 16:56:43,802 - Функция message_from_server вызвана из функции run 
2022-01-28 16:56:43,802 - Функция massage_post вызвана из функции run 
2022-01-28 16:56:46,427 - Функция create_message вызвана из функции massage_post 
2022-01-28 16:56:46,427 - Функция create_message вызвана из функции massage_post 
2022-01-28 16:56:54,294 - Функция create_exit_message вызвана из функции massage_post 
2022-01-28 16:56:54,294 - Функция create_exit_message вызвана из функции massage_post 
2022-01-28 16:56:54,294 - Функция create_exit_message вызвана из функции massage_post 
2022-01-28 17:14:19,776 - INFO       - client   - Установленно подключение 
2022-01-28 17:14:19,823 - Функция message_from_server вызвана из функции run 
2022-01-28 17:14:19,823 - Функция massage_post вызвана из функции run 
2022-01-28 17:14:19,823 - Функция create_join_message вызвана из функции massage_post 
2022-01-28 17:14:19,823 - Функция create_join_message вызвана из функции massage_post 
2022-01-28 17:14:23,640 - INFO       - client   - Установленно подключение 
2022-01-28 17:14:23,656 - INFO       - client   - Установленно подключение 
2022-01-28 17:14:23,687 - Функция message_from_server вызвана из функции run 
2022-01-28 17:14:23,703 - Функция massage_post вызвана из функции run 
2022-01-28 17:14:23,703 - Функция create_join_message вызвана из функции massage_post 
2022-01-28 17:14:23,703 - Функция create_join_message вызвана из функции massage_post 
2022-01-28 17:14:40,232 - Функция create_exit_message вызвана из функции massage_post 
2022-01-28 17:14:40,232 - Функция create_exit_message вызвана из функции massage_post 
2022-01-28 17:14:40,232 - Функция create_exit_message вызвана из функции massage_post 
2022-01-28 17:14:43,140 - Функция create_exit_message вызвана из функции massage_post 
2022-01-28 17:14:43,140 - Функция create_exit_message вызвана из функции massage_post 
2022-01-28 17:14:43,140 - Функция create_exit_message вызвана из функции massage_post 
2022-01-28 17:19:27,556 - INFO       - client   - Установленно подключение 
2022-01-28 17:19:27,572 - INFO       - client   - Установленно подключение 
2022-01-28 17:19:27,603 - Функция message_from_server вызвана из функции run 
2022-01-28 17:19:27,603 - Функция massage_post вызвана из функции run 
2022-01-28 17:19:27,603 - Функция create_join_message вызвана из функции massage_post 
2022-01-28 17:19:27,603 - Функция create_join_message вызвана из функции massage_post 
2022-01-28 17:19:30,103 - INFO       - client   - Установленно подключение 
2022-01-28 17:19:30,119 - INFO       - client   - Установленно подключение 
2022-01-28 17:19:30,150 - Функция message_from_server вызвана из функции run 
2022-01-28 17:19:30,150 - Функция massage_post вызвана из функции run 
2022-01-28 17:19:30,150 - Функция create_join_message вызвана из функции massage_post 
2022-01-28 17:19:30,150 - Функция create_join_message вызвана из функции massage_post 
2022-01-28 17:19:41,212 - Функция create_message вызвана из функции massage_post 
2022-01-28 17:19:41,212 - Функция create_message вызвана из функции massage_post 
2022-01-28 17:19:41,212 - Функция create_message вызвана из функции massage_post 
2022-01-28 17:19:46,526 - Функция create_exit_message вызвана из функции massage_post 
2022-01-28 17:19:46,526 - Функция create_exit_message вызвана из функции massage_post 
2022-01-28 17:19:46,526 - Функция create_exit_message вызвана из функции massage_post 
2022-01-28 17:19:46,526 - Функция create_exit_message вызвана из функции massage_post 
2022-01-28 17:22:04,569 - INFO       - client   - Установленно подключение 
2022-01-28 17:22:04,569 - INFO       - client   - Установленно подключение 
2022-01-28 17:22:04,616 - Функция message_from_server вызвана из функции run 
2022-01-28 17:22:04,616 - Функция massage_post вызвана из функции run 
2022-01-28 17:22:04,616 - Функция create_join_message вызвана из функции massage_post 
2022-01-28 17:22:04,616 - Функция create_join_message вызвана из функции massage_post 
2022-01-28 17:22:07,350 - INFO       - client   - Установленно подключение 
2022-01-28 17:22:07,366 - INFO       - client   - Установленно подключение 
2022-01-28 17:22:07,397 - Функция message_from_server вызвана из функции run 
2022-01-28 17:22:07,397 - Функция massage_post вызвана из функции run 
2022-01-28 17:22:07,397 - Функция create_join_message вызвана из функции massage_post 
2022-01-28 17:22:07,397 - Функция create_join_message вызвана из функции massage_post 
2022-01-28 17:22:18,937 - Функция create_exit_message вызвана из функции massage_post 
2022-01-28 17:22:18,937 - Функция create_exit_message вызвана из функции massage_post 
2022-01-28 17:22:18,937 - Функция create_exit_message вызвана из функции massage_post 
2022-01-28 17:25:50,670 - INFO       - client   - Установленно подключение 
2022-01-28 17:25:50,670 - INFO       - client   - Установленно подключение 
2022-01-28 17:25:50,701 - Функция message_from_server вызвана из функции run 
2022-01-28 17:25:50,701 - Функция massage_post вызвана из функции run 
2022-01-28 17:25:50,701 - Функция create_join_message вызвана из функции massage_post 
2022-01-28 17:25:50,701 - Функция create_join_message вызвана из функции massage_post 
2022-01-28 17:25:52,920 - INFO       - client   - Установленно подключение 
2022-01-28 17:25:52,967 - Функция massage_post вызвана из функции run 
2022-01-28 17:25:52,967 - Функция message_from_server вызвана из функции run 
2022-01-28 17:25:52,967 - Функция create_join_message вызвана из функции massage_post 
2022-01-28 17:25:52,967 - Функция create_join_message вызвана из функции massage_post 
2022-01-28 17:25:58,091 - Функция create_exit_message вызвана из функции massage_post 
2022-01-28 17:25:58,091 - Функция create_exit_message вызвана из функции massage_post 
2022-01-28 17:25:58,091 - Функция create_exit_message вызвана из функции massage_post 
2022-01-28 17:26:09,957 - Функция create_exit_message вызвана из функции massage_post 
2022-01-28 17:26:09,957 - Функция create_exit_message вызвана из функции massage_post 
2022-01-28 17:26:09,957 - Функция create_exit_message вызвана из функции massage_post 
2022-01-28 17:30:17,597 - INFO       - client   - Установленно подключение 
2022-01-28 17:30:17,597 - INFO       - client   - Установленно подключение 
2022-01-28 17:30:17,629 - Функция message_from_server вызвана из функции run 
2022-01-28 17:30:17,644 - Функция massage_post вызвана из функции run 
2022-01-28 17:30:17,644 - Функция create_join_message вызвана из функции massage_post 
2022-01-28 17:30:17,644 - Функция create_join_message вызвана из функции massage_post 
2022-01-28 17:30:18,801 - INFO       - client   - Установленно подключение 
2022-01-28 17:30:18,801 - INFO       - client   - Установленно подключение 
2022-01-28 17:30:18,847 - Функция massage_post вызвана из функции run 
2022-01-28 17:30:18,847 - Функция create_join_message вызвана из функции massage_post 
2022-01-28 17:30:18,847 - Функция create_join_message вызвана из функции massage_post 
2022-01-28 17:30:18,847 - Функция message_from_server вызвана из функции run 
2022-01-28 17:31:29,106 - Функция create_exit_message вызвана из функции massage_post 
2022-01-28 17:31:29,106 - Функция create_exit_message вызвана из функции massage_post 
2022-01-28 17:31:29,106 - Функция create_exit_message вызвана из функции massage_post 
2022-01-28 17:31:34,269 - Функция create_exit_message вызвана из функции massage_post 
2022-01-28 17:31:34,269 - Функция create_exit_message вызвана из функции massage_post 
2022-01-28 17:31:34,269 - Функция create_exit_message вызвана из функции massage_post 
2022-01-28 17:33:50,472 - INFO       - client   - Установленно подключение 
2022-01-28 17:33:50,472 - INFO       - client   - Установленно подключение 
2022-01-28 17:33:50,472 - INFO       - client   - Установленно подключение 
2022-01-28 17:33:50,504 - Функция massage_post вызвана из функции run 
2022-01-28 17:33:50,504 - Функция massage_post вызвана из функции run 
2022-01-28 17:33:50,504 - Функция message_from_server вызвана из функции run 
2022-01-28 17:33:50,519 - Функция create_join_message вызвана из функции massage_post 
2022-01-28 17:33:50,519 - Функция message_from_server вызвана из функции run 
2022-01-28 17:33:50,519 - Функция create_join_message вызвана из функции massage_post 
2022-01-28 17:33:50,519 - Функция create_join_message вызвана из функции massage_post 
2022-01-28 17:33:50,519 - Функция create_join_message вызвана из функции massage_post 
2022-01-28 17:33:53,378 - Функция create_message вызвана из функции massage_post 
2022-01-28 17:33:53,378 - Функция create_message вызвана из функции massage_post 
2022-01-28 17:33:53,378 - Функция create_message вызвана из функции massage_post 
2022-01-28 17:33:56,910 - Функция create_exit_message вызвана из функции massage_post 
2022-01-28 17:33:56,910 - Функция create_exit_message вызвана из функции massage_post 
2022-01-28 17:33:56,910 - Функция create_exit_message вызвана из функции massage_post 
2022-01-28 17:33:56,910 - Функция create_exit_message вызвана из функции massage_post 
2022-01-28 17:34:20,460 - Функция create_message вызвана из функции massage_post 
2022-01-28 17:34:20,460 - Функция create_message вызвана из функции massage_post 
2022-01-28 17:34:20,460 - Функция create_message вызвана из функции massage_post 
2022-01-28 17:34:27,582 - Функция create_exit_message вызвана из функции massage_post 
2022-01-28 17:34:27,582 - Функция create_exit_message вызвана из функции massage_post 
2022-01-28 17:34:27,582 - Функция create_exit_message вызвана из функции massage_post 
2022-01-28 17:34:27,582 - Функция create_exit_message вызвана из функции massage_post 
2022-01-28 17:35:38,587 - INFO       - client   - Установленно подключение 
2022-01-28 17:35:38,587 - INFO       - client   - Установленно подключение 
2022-01-28 17:35:38,587 - INFO       - client   - Установленно подключение 
2022-01-28 17:35:38,634 - Функция message_from_server вызвана из функции run 
2022-01-28 17:35:38,634 - Функция message_from_server вызвана из функции run 
2022-01-28 17:35:38,634 - Функция massage_post вызвана из функции run 
2022-01-28 17:35:38,634 - Функция create_join_message вызвана из функции massage_post 
2022-01-28 17:35:38,634 - Функция create_join_message вызвана из функции massage_post 
2022-01-28 17:35:38,634 - Функция massage_post вызвана из функции run 
2022-01-28 17:35:38,634 - Функция create_join_message вызвана из функции massage_post 
2022-01-28 17:35:38,634 - Функция create_join_message вызвана из функции massage_post 
2022-01-28 17:35:42,149 - Функция create_message вызвана из функции massage_post 
2022-01-28 17:35:42,149 - Функция create_message вызвана из функции massage_post 
2022-01-28 17:35:42,149 - Функция create_message вызвана из функции massage_post 
2022-01-28 17:35:46,290 - Функция create_exit_message вызвана из функции massage_post 
2022-01-28 17:35:46,290 - Функция create_exit_message вызвана из функции massage_post 
2022-01-28 17:35:46,290 - Функция create_exit_message вызвана из функции massage_post 
2022-01-28 17:35:46,290 - Функция create_exit_message вызвана из функции massage_post 
2022-01-28 17:36:35,609 - Функция create_exit_message вызвана из функции massage_post 
2022-01-28 17:36:35,609 - Функция create_exit_message вызвана из функции massage_post 
2022-01-28 17:36:35,609 - Функция create_exit_message вызвана из функции massage_post 
2022-01-28 17:37:43,990 - INFO       - client   - Установленно подключение 
2022-01-28 17:37:43,990 - INFO       - client   - Установленно подключение 
2022-01-28 17:37:43,990 - INFO       - client   - Установленно подключение 
2022-01-28 17:37:43,990 - INFO       - client   - Установленно подключение 
2022-01-28 17:37:44,021 - Функция message_from_server вызвана из функции run 
2022-01-28 17:37:44,037 - Функция message_from_server вызвана из функции run 
2022-01-28 17:37:44,037 - Функция massage_post вызвана из функции run 
2022-01-28 17:37:44,037 - Функция massage_post вызвана из функции run 
2022-01-28 17:37:44,037 - Функция create_join_message вызвана из функции massage_post 
2022-01-28 17:37:44,037 - Функция create_join_message вызвана из функции massage_post 
2022-01-28 17:37:44,037 - Функция create_join_message вызвана из функции massage_post 
2022-01-28 17:37:44,037 - Функция create_join_message вызвана из функции massage_post 
2022-01-28 17:37:47,021 - Функция create_message вызвана из функции massage_post 
2022-01-28 17:37:47,021 - Функция create_message вызвана из функции massage_post 
2022-01-28 17:37:47,021 - Функция create_message вызвана из функции massage_post 
2022-01-28 17:37:55,700 - Функция create_exit_message вызвана из функции massage_post 
2022-01-28 17:37:55,700 - Функция create_exit_message вызвана из функции massage_post 
2022-01-28 17:37:55,700 - Функция create_exit_message вызвана из функции massage_post 
2022-01-28 17:37:55,700 - Функция create_exit_message вызвана из функции massage_post 
2022-01-28 17:38:02,536 - Функция create_message вызвана из функции massage_post 
2022-01-28 17:38:02,536 - Функция create_message вызвана из функции massage_post 
2022-01-28 17:38:02,536 - Функция create_message вызвана из функции massage_post 
2022-01-28 17:38:06,335 - Функция create_exit_message вызвана из функции massage_post 
2022-01-28 17:38:06,335 - Функция create_exit_message вызвана из функции massage_post 
2022-01-28 17:38:06,335 - Функция create_exit_message вызвана из функции massage_post 
2022-01-28 17:38:06,335 - Функция create_exit_message вызвана из функции massage_post 
2022-01-28 17:48:07,285 - INFO       - client   - Установленно подключение 
2022-01-28 17:48:07,285 - INFO       - client   - Установленно подключение 
2022-01-28 17:48:07,285 - INFO       - client   - Установленно подключение 
2022-01-28 17:48:07,285 - INFO       - client   - Установленно подключение 
2022-01-28 17:48:07,332 - Функция massage_post вызвана из функции run 
2022-01-28 17:48:07,332 - Функция massage_post вызвана из функции run 
2022-01-28 17:48:07,332 - Функция message_from_server вызвана из функции run 
2022-01-28 17:48:07,332 - Функция message_from_server вызвана из функции run 
2022-01-28 17:48:07,332 - Функция create_join_message вызвана из функции massage_post 
2022-01-28 17:48:07,332 - Функция create_join_message вызвана из функции massage_post 
2022-01-28 17:48:07,332 - Функция create_join_message вызвана из функции massage_post 
2022-01-28 17:48:07,332 - Функция create_join_message вызвана из функции massage_post 
2022-01-28 17:48:17,067 - Функция create_message вызвана из функции massage_post 
2022-01-28 17:48:17,067 - Функция create_message вызвана из функции massage_post 
2022-01-28 17:48:17,067 - Функция create_message вызвана из функции massage_post 
2022-01-28 17:48:20,846 - Функция create_exit_message вызвана из функции massage_post 
2022-01-28 17:48:20,846 - Функция create_exit_message вызвана из функции massage_post 
2022-01-28 17:48:20,846 - Функция create_exit_message вызвана из функции massage_post 
2022-01-28 17:48:20,846 - Функция create_exit_message вызвана из функции massage_post 
2022-01-28 17:51:01,685 - INFO       - client   - Установленно подключение 
2022-01-28 17:51:01,685 - INFO       - client   - Установленно подключение 
2022-01-28 17:51:01,700 - INFO       - client   - Установленно подключение 
2022-01-28 17:51:01,700 - INFO       - client   - Установленно подключение 
2022-01-28 17:51:01,731 - Функция massage_post вызвана из функции run 
2022-01-28 17:51:01,731 - Функция massage_post вызвана из функции run 
2022-01-28 17:51:01,731 - Функция create_join_message вызвана из функции massage_post 
2022-01-28 17:51:01,731 - Функция create_join_message вызвана из функции massage_post 
2022-01-28 17:51:01,731 - Функция create_join_message вызвана из функции massage_post 
2022-01-28 17:51:01,731 - Функция create_join_message вызвана из функции massage_post 
2022-01-28 17:51:01,731 - Функция message_from_server вызвана из функции run 
2022-01-28 17:51:01,731 - Функция message_from_server вызвана из функции run 
2022-01-28 17:51:05,233 - Функция create_exit_message вызвана из функции massage_post 
2022-01-28 17:51:05,233 - Функция create_exit_message вызвана из функции massage_post 
2022-01-28 17:51:05,233 - Функция create_exit_message вызвана из функции massage_post 
2022-01-28 17:51:18,595 - Функция create_exit_message вызвана из функции massage_post 
2022-01-28 17:51:18,595 - Функция create_exit_message вызвана из функции massage_post 
2022-01-28 17:51:18,595 - Функция create_exit_message вызвана из функции massage_post 
2022-01-28 17:57:01,729 - INFO       - client   - Установленно подключение 
2022-01-28 17:57:01,729 - INFO       - client   - Установленно подключение 
2022-01-28 17:57:01,729 - INFO       - client   - Установленно подключение 
2022-01-28 17:57:01,776 - Функция message_from_server вызвана из функции run 
2022-01-28 17:57:01,776 - Функция massage_post вызвана из функции run 
2022-01-28 17:57:01,776 - Функция create_join_message вызвана из функции massage_post 
2022-01-28 17:57:01,776 - Функция create_join_message вызвана из функции massage_post 
2022-01-28 17:57:06,064 - Функция create_exit_message вызвана из функции massage_post 
2022-01-28 17:57:06,064 - Функция create_exit_message вызвана из функции massage_post 
2022-01-28 17:57:06,064 - Функция create_exit_message вызвана из функции massage_post 
2022-01-28 18:00:04,999 - INFO       - client   - Установленно подключение 
2022-01-28 18:00:04,999 - INFO       - client   - Установленно подключение 
2022-01-28 18:00:05,015 - INFO       - client   - Установленно подключение 
2022-01-28 18:00:05,015 - INFO       - client   - Установленно подключение 
2022-01-28 18:00:05,046 - Функция massage_post вызвана из функции run 
2022-01-28 18:00:05,046 - Функция create_join_message вызвана из функции massage_post 
2022-01-28 18:00:05,046 - Функция create_join_message вызвана из функции massage_post 
2022-01-28 18:00:05,046 - Функция message_from_server вызвана из функции run 
2022-01-28 18:00:05,046 - Функция message_from_server вызвана из функции run 
2022-01-28 18:00:05,062 - Функция massage_post вызвана из функции run 
2022-01-28 18:00:05,062 - Функция create_join_message вызвана из функции massage_post 
2022-01-28 18:00:05,062 - Функция create_join_message вызвана из функции massage_post 
2022-01-28 18:00:07,702 - Функция create_exit_message вызвана из функции massage_post 
2022-01-28 18:00:07,702 - Функция create_exit_message вызвана из функции massage_post 
2022-01-28 18:00:07,702 - Функция create_exit_message вызвана из функции massage_post 
2022-01-28 18:01:05,473 - INFO       - client   - Установленно подключение 
2022-01-28 18:01:05,473 - INFO       - client   - Установленно подключение 
2022-01-28 18:01:05,473 - INFO       - client   - Установленно подключение 
2022-01-28 18:01:05,473 - INFO       - client   - Установленно подключение 
2022-01-28 18:01:05,504 - Функция message_from_server вызвана из функции run 
2022-01-28 18:01:05,520 - Функция message_from_server вызвана из функции run 
2022-01-28 18:01:05,520 - Функция massage_post вызвана из функции run 
2022-01-28 18:01:05,520 - Функция create_join_message вызвана из функции massage_post 
2022-01-28 18:01:05,520 - Функция create_join_message вызвана из функции massage_post 
2022-01-28 18:01:05,520 - Функция massage_post вызвана из функции run 
2022-01-28 18:01:05,520 - Функция create_join_message вызвана из функции massage_post 
2022-01-28 18:01:05,520 - Функция create_join_message вызвана из функции massage_post 
2022-01-28 18:01:07,754 - Функция create_exit_message вызвана из функции massage_post 
2022-01-28 18:01:07,754 - Функция create_exit_message вызвана из функции massage_post 
2022-01-28 18:01:07,754 - Функция create_exit_message вызвана из функции massage_post 
2022-01-28 18:01:19,025 - Функция create_message вызвана из функции massage_post 
2022-01-28 18:01:19,025 - Функция create_message вызвана из функции massage_post 
2022-01-28 18:01:19,025 - Функция create_message вызвана из функции massage_post 
2022-01-28 18:01:24,488 - Функция create_message вызвана из функции massage_post 
2022-01-28 18:01:24,488 - Функция create_message вызвана из функции massage_post 
2022-01-28 18:01:24,488 - Функция create_message вызвана из функции massage_post 
2022-01-28 18:01:24,488 - Функция create_message вызвана из функции massage_post 
2022-01-28 18:03:03,516 - INFO       - client   - Установленно подключение 
2022-01-28 18:03:03,516 - INFO       - client   - Установленно подключение 
2022-01-28 18:03:03,516 - INFO       - client   - Установленно подключение 
2022-01-28 18:03:03,516 - INFO       - client   - Установленно подключение 
2022-01-28 18:03:03,563 - Функция massage_post вызвана из функции run 
2022-01-28 18:03:03,563 - Функция message_from_server вызвана из функции run 
2022-01-28 18:03:03,563 - Функция message_from_server вызвана из функции run 
2022-01-28 18:03:03,563 - Функция create_join_message вызвана из функции massage_post 
2022-01-28 18:03:03,563 - Функция create_join_message вызвана из функции massage_post 
2022-01-28 18:03:03,563 - Функция create_join_message вызвана из функции massage_post 
2022-01-28 18:03:03,563 - Функция create_join_message вызвана из функции massage_post 
2022-01-28 18:03:07,001 - Функция create_message вызвана из функции massage_post 
2022-01-28 18:03:07,001 - Функция create_message вызвана из функции massage_post 
2022-01-28 18:03:07,001 - Функция create_message вызвана из функции massage_post 
2022-01-28 18:03:09,938 - Функция create_exit_message вызвана из функции massage_post 
2022-01-28 18:03:09,938 - Функция create_exit_message вызвана из функции massage_post 
2022-01-28 18:03:09,938 - Функция create_exit_message вызвана из функции massage_post 
2022-01-28 18:03:09,938 - Функция create_exit_message вызвана из функции massage_post 
2022-01-28 18:12:20,607 - INFO       - client   - Установленно подключение 
2022-01-28 18:12:20,607 - INFO       - client   - Установленно подключение 
2022-01-28 18:12:20,607 - INFO       - client   - Установленно подключение 
2022-01-28 18:12:20,607 - INFO       - client   - Установленно подключение 
2022-01-28 18:12:20,638 - Функция message_from_server вызвана из функции run 
2022-01-28 18:12:20,654 - Функция massage_post вызвана из функции run 
2022-01-28 18:12:20,654 - Функция massage_post вызвана из функции run 
2022-01-28 18:12:20,654 - Функция create_join_message вызвана из функции massage_post 
2022-01-28 18:12:20,654 - Функция create_join_message вызвана из функции massage_post 
2022-01-28 18:12:20,654 - Функция message_from_server вызвана из функции run 
2022-01-28 18:12:20,654 - Функция create_join_message вызвана из функции massage_post 
2022-01-28 18:12:20,654 - Функция create_join_message вызвана из функции massage_post 
2022-01-28 18:13:14,728 - INFO       - client   - Установленно подключение 
2022-01-28 18:13:14,728 - INFO       - client   - Установленно подключение 
2022-01-28 18:13:14,728 - INFO       - client   - Установленно подключение 
2022-01-28 18:13:14,728 - INFO       - client   - Установленно подключение 
2022-01-28 18:13:14,759 - Функция massage_post вызвана из функции run 
2022-01-28 18:13:14,759 - Функция create_join_message вызвана из функции massage_post 
2022-01-28 18:13:14,759 - Функция create_join_message вызвана из функции massage_post 
2022-01-28 18:13:14,774 - Функция massage_post вызвана из функции run 
2022-01-28 18:13:14,774 - Функция message_from_server вызвана из функции run 
2022-01-28 18:13:14,774 - Функция message_from_server вызвана из функции run 
2022-01-28 18:13:14,774 - Функция create_join_message вызвана из функции massage_post 
2022-01-28 18:13:14,774 - Функция create_join_message вызвана из функции massage_post 
2022-01-28 18:13:17,228 - Функция create_message вызвана из функции massage_post 
2022-01-28 18:13:17,228 - Функция create_message вызвана из функции massage_post 
2022-01-28 18:13:17,228 - Функция create_message вызвана из функции massage_post 
2022-01-28 18:13:20,104 - Функция create_exit_message вызвана из функции massage_post 
2022-01-28 18:13:20,104 - Функция create_exit_message вызвана из функции massage_post 
2022-01-28 18:13:20,104 - Функция create_exit_message вызвана из функции massage_post 
2022-01-28 18:13:20,104 - Функция create_exit_message вызвана из функции massage_post 
2022-01-28 18:14:06,210 - Функция create_message вызвана из функции massage_post 
2022-01-28 18:14:06,210 - Функция create_message вызвана из функции massage_post 
2022-01-28 18:14:06,210 - Функция create_message вызвана из функции massage_post 
2022-01-28 18:14:11,363 - Функция create_exit_message вызвана из функции massage_post 
2022-01-28 18:14:11,363 - Функция create_exit_message вызвана из функции massage_post 
2022-01-28 18:14:11,363 - Функция create_exit_message вызвана из функции massage_post 
2022-01-28 18:14:11,363 - Функция create_exit_message вызвана из функции massage_post 
2022-01-28 18:15:10,544 - INFO       - client   - Установленно подключение 
2022-01-28 18:15:10,544 - INFO       - client   - Установленно подключение 
2022-01-28 18:15:10,544 - INFO       - client   - Установленно подключение 
2022-01-28 18:15:10,544 - INFO       - client   - Установленно подключение 
2022-01-28 18:15:10,575 - Функция message_from_server вызвана из функции run 
2022-01-28 18:15:10,575 - Функция message_from_server вызвана из функции run 
2022-01-28 18:15:10,591 - Функция massage_post вызвана из функции run 
2022-01-28 18:15:10,591 - Функция massage_post вызвана из функции run 
2022-01-28 18:15:10,591 - Функция create_join_message вызвана из функции massage_post 
2022-01-28 18:15:10,591 - Функция create_join_message вызвана из функции massage_post 
2022-01-28 18:15:10,591 - Функция create_join_message вызвана из функции massage_post 
2022-01-28 18:15:18,556 - Функция create_message вызвана из функции massage_post 
2022-01-28 18:15:18,556 - Функция create_message вызвана из функции massage_post 
2022-01-28 18:15:18,556 - Функция create_message вызвана из функции massage_post 
2022-01-28 18:15:23,947 - Функция create_exit_message вызвана из функции massage_post 
2022-01-28 18:15:23,947 - Функция create_exit_message вызвана из функции massage_post 
2022-01-28 18:15:23,947 - Функция create_exit_message вызвана из функции massage_post 
2022-01-28 18:15:23,947 - Функция create_exit_message вызвана из функции massage_post 
2022-01-28 18:15:29,926 - Функция create_message вызвана из функции massage_post 
2022-01-28 18:15:29,926 - Функция create_message вызвана из функции massage_post 
2022-01-28 18:15:29,926 - Функция create_message вызвана из функции massage_post 
2022-01-28 18:16:41,261 - INFO       - client   - Установленно подключение 
2022-01-28 18:16:41,261 - INFO       - client   - Установленно подключение 
2022-01-28 18:16:41,261 - INFO       - client   - Установленно подключение 
2022-01-28 18:16:41,261 - INFO       - client   - Установленно подключение 
2022-01-28 18:16:41,308 - Функция massage_post вызвана из функции run 
2022-01-28 18:16:41,308 - Функция create_join_message вызвана из функции massage_post 
2022-01-28 18:16:41,308 - Функция create_join_message вызвана из функции massage_post 
2022-01-28 18:16:41,308 - Функция message_from_server вызвана из функции run 
2022-01-28 18:16:41,308 - Функция massage_post вызвана из функции run 
2022-01-28 18:16:41,308 - Функция message_from_server вызвана из функции run 
2022-01-28 18:16:41,308 - Функция create_join_message вызвана из функции massage_post 
2022-01-28 18:16:41,308 - Функция create_join_message вызвана из функции massage_post 
2022-01-28 18:17:03,923 - Функция create_message вызвана из функции massage_post 
2022-01-28 18:17:03,923 - Функция create_message вызвана из функции massage_post 
2022-01-28 18:17:03,923 - Функция create_message вызвана из функции massage_post 
2022-01-28 18:17:08,923 - Функция create_message вызвана из функции massage_post 
2022-01-28 18:17:08,923 - Функция create_message вызвана из функции massage_post 
2022-01-28 18:17:08,923 - Функция create_message вызвана из функции massage_post 
2022-01-28 18:17:14,548 - Функция create_exit_message вызвана из функции massage_post 
2022-01-28 18:17:14,548 - Функция create_exit_message вызвана из функции massage_post 
2022-01-28 18:17:14,548 - Функция create_exit_message вызвана из функции massage_post 
2022-01-28 18:17:14,548 - Функция create_exit_message вызвана из функции massage_post 
2022-01-28 18:17:20,408 - Функция create_message вызвана из функции massage_post 
2022-01-28 18:17:20,408 - Функция create_message вызвана из функции massage_post 
2022-01-28 18:17:20,408 - Функция create_message вызвана из функции massage_post 
2022-01-28 18:17:20,408 - Функция create_message вызвана из функции massage_post 
2022-01-28 18:17:45,669 - Функция create_exit_message вызвана из функции massage_post 
2022-01-28 18:17:45,669 - Функция create_exit_message вызвана из функции massage_post 
2022-01-28 18:17:45,669 - Функция create_exit_message вызвана из функции massage_post 
2022-01-28 18:17:45,669 - Функция create_exit_message вызвана из функции massage_post 
2022-01-28 18:17:45,669 - Функция create_exit_message вызвана из функции massage_post 
2022-01-28 18:21:43,696 - INFO       - client   - Установленно подключение 
2022-01-28 18:21:43,711 - INFO       - client   - Установленно подключение 
2022-01-28 18:21:43,711 - INFO       - client   - Установленно подключение 
2022-01-28 18:21:43,727 - INFO       - client   - Установленно подключение 
2022-01-28 18:21:43,743 - Функция massage_post вызвана из функции run 
2022-01-28 18:21:43,743 - Функция message_from_server вызвана из функции run 
2022-01-28 18:21:43,743 - Функция create_join_message вызвана из функции massage_post 
2022-01-28 18:21:43,743 - Функция create_join_message вызвана из функции massage_post 
2022-01-28 18:21:43,758 - Функция message_from_server вызвана из функции run 
2022-01-28 18:21:43,758 - Функция massage_post вызвана из функции run 
2022-01-28 18:21:43,758 - Функция create_join_message вызвана из функции massage_post 
2022-01-28 18:21:43,758 - Функция create_join_message вызвана из функции massage_post 
